  GameMech.cpp
  GameWindow.cpp
c:\users\tomek\source\repos\pk4\projekt\pacman\pacman\gamewindow.cpp(66): warning C4244: "argument": konwersja z "int" do "T", możliwa utrata danych
          with
          [
              T=float
          ]
c:\users\tomek\source\repos\pk4\projekt\pacman\pacman\gamewindow.cpp(82): warning C4244: "argument": konwersja z "int" do "T", możliwa utrata danych
          with
          [
              T=float
          ]
c:\users\tomek\source\repos\pk4\projekt\pacman\pacman\gamewindow.cpp(92): warning C4244: "argument": konwersja z "int" do "float", możliwa utrata danych
c:\users\tomek\source\repos\pk4\projekt\pacman\pacman\gamewindow.cpp(105): warning C4244: "argument": konwersja z "int" do "float", możliwa utrata danych
c:\users\tomek\source\repos\pk4\projekt\pacman\pacman\gamewindow.cpp(110): warning C4244: "argument": konwersja z "int" do "float", możliwa utrata danych
c:\users\tomek\source\repos\pk4\projekt\pacman\pacman\gamewindow.cpp(119): warning C4244: "argument": konwersja z "int" do "float", możliwa utrata danych
c:\users\tomek\source\repos\pk4\projekt\pacman\pacman\gamewindow.cpp(127): warning C4244: "argument": konwersja z "int" do "float", możliwa utrata danych
  Ghost.cpp
  main.cpp
  Map.cpp
c:\users\tomek\source\repos\pk4\projekt\pacman\pacman\map.cpp(104): warning C4018: "<": niezgodność typu ze znakiem/bez znaku
c:\users\tomek\source\repos\pk4\projekt\pacman\pacman\map.cpp(229): warning C4018: "<": niezgodność typu ze znakiem/bez znaku
  MapField.cpp
  Player.cpp
  Generowanie kodu...
c:\users\tomek\source\repos\pk4\projekt\pacman\pacman\gamemech.cpp(26): warning C4715: "GameMech::CalcPosition”: niewszystkie ścieżki kodu zwracają wartość
LINK : fatal error LNK1104: nie można otworzyć pliku „sfml-window-d.lib”
