c:\users\tomasz\source\repos\pk4\projekt\pacman\pacman\debug\vc141.pdb
c:\users\tomasz\source\repos\pk4\projekt\pacman\pacman\debug\vc141.idb
c:\users\tomasz\source\repos\pk4\projekt\pacman\pacman\debug\player.obj
c:\users\tomasz\source\repos\pk4\projekt\pacman\pacman\debug\map.obj
c:\users\tomasz\source\repos\pk4\projekt\pacman\pacman\debug\main.obj
c:\users\tomasz\source\repos\pk4\projekt\pacman\pacman\debug\ghost.obj
c:\users\tomasz\source\repos\pk4\projekt\pacman\pacman\debug\gameloop.obj
c:\users\tomasz\source\repos\pk4\projekt\pacman\pacman\debug\blinky.obj
c:\users\tomasz\source\repos\pk4\projekt\pacman\debug\pacman.pdb
c:\users\tomasz\source\repos\pk4\projekt\pacman\pacman\debug\pacman.tlog\cl.command.1.tlog
c:\users\tomasz\source\repos\pk4\projekt\pacman\pacman\debug\pacman.tlog\cl.read.1.tlog
c:\users\tomasz\source\repos\pk4\projekt\pacman\pacman\debug\pacman.tlog\cl.write.1.tlog
c:\users\tomasz\source\repos\pk4\projekt\pacman\pacman\debug\pacman.tlog\link-cvtres.read.1.tlog
c:\users\tomasz\source\repos\pk4\projekt\pacman\pacman\debug\pacman.tlog\link-cvtres.write.1.tlog
c:\users\tomasz\source\repos\pk4\projekt\pacman\pacman\debug\pacman.tlog\link-rc.read.1.tlog
c:\users\tomasz\source\repos\pk4\projekt\pacman\pacman\debug\pacman.tlog\link-rc.write.1.tlog
c:\users\tomasz\source\repos\pk4\projekt\pacman\pacman\debug\pacman.tlog\link.8828-cvtres.read.1.tlog
c:\users\tomasz\source\repos\pk4\projekt\pacman\pacman\debug\pacman.tlog\link.8828-cvtres.write.1.tlog
c:\users\tomasz\source\repos\pk4\projekt\pacman\pacman\debug\pacman.tlog\link.8828-rc.read.1.tlog
c:\users\tomasz\source\repos\pk4\projekt\pacman\pacman\debug\pacman.tlog\link.8828-rc.write.1.tlog
c:\users\tomasz\source\repos\pk4\projekt\pacman\pacman\debug\pacman.tlog\link.8828.read.1.tlog
c:\users\tomasz\source\repos\pk4\projekt\pacman\pacman\debug\pacman.tlog\link.8828.write.1.tlog
c:\users\tomasz\source\repos\pk4\projekt\pacman\pacman\debug\pacman.tlog\link.command.1.tlog
c:\users\tomasz\source\repos\pk4\projekt\pacman\pacman\debug\pacman.tlog\link.read.1.tlog
c:\users\tomasz\source\repos\pk4\projekt\pacman\pacman\debug\pacman.tlog\link.write.1.tlog
